
**** Build of configuration CPU1_RAM for project _F280049_Project_v0 ****

"C:\\ti\\ccs1000\\ccs\\utils\\bin\\gmake" -k -j 6 all -O 
 
Building file: "../device/f28004x_codestartbranch.asm"
Invoking: C2000 Compiler
"C:/ti/ccs1000/ccs/tools/compiler/ti-cgt-c2000_20.2.0.LTS/bin/cl2000" -v28 -ml -mt --cla_support=cla2 --float_support=fpu32 --tmu_support=tmu0 --vcu_support=vcu0 -Ooff --include_path="D:/DSP/_DspProject/_F280049_Project_v0" --include_path="D:/DSP/_DspProject/_F280049_Project_v0/device" --include_path="C:/ti/c2000/C2000Ware_3_04_00_00/driverlib/f28004x/driverlib" --include_path="C:/ti/ccs1000/ccs/tools/compiler/ti-cgt-c2000_20.2.0.LTS/include" --include_path="C:/ti/c2000/C2000Ware_3_04_00_00/device_support/f28004x/headers/include" --advice:performance=all --define=DEBUG --define=CPU1 --diag_suppress=10063 --diag_warning=225 --diag_wrap=off --display_error_number --abi=coffabi --preproc_with_compile --preproc_dependency="device/f28004x_codestartbranch.d_raw" --include_path="D:/DSP/_DspProject/_F280049_Project_v0/CPU1_RAM/syscfg" --obj_directory="device"  "../device/f28004x_codestartbranch.asm"
Finished building: "../device/f28004x_codestartbranch.asm"
 
Building file: "../main.c"
Invoking: C2000 Compiler
"C:/ti/ccs1000/ccs/tools/compiler/ti-cgt-c2000_20.2.0.LTS/bin/cl2000" -v28 -ml -mt --cla_support=cla2 --float_support=fpu32 --tmu_support=tmu0 --vcu_support=vcu0 -Ooff --include_path="D:/DSP/_DspProject/_F280049_Project_v0" --include_path="D:/DSP/_DspProject/_F280049_Project_v0/device" --include_path="C:/ti/c2000/C2000Ware_3_04_00_00/driverlib/f28004x/driverlib" --include_path="C:/ti/ccs1000/ccs/tools/compiler/ti-cgt-c2000_20.2.0.LTS/include" --include_path="C:/ti/c2000/C2000Ware_3_04_00_00/device_support/f28004x/headers/include" --advice:performance=all --define=DEBUG --define=CPU1 --diag_suppress=10063 --diag_warning=225 --diag_wrap=off --display_error_number --abi=coffabi --preproc_with_compile --preproc_dependency="main.d_raw" --include_path="D:/DSP/_DspProject/_F280049_Project_v0/CPU1_RAM/syscfg"  "../main.c"
Finished building: "../main.c"
 
Building file: "../device/device.c"
Invoking: C2000 Compiler
"C:/ti/ccs1000/ccs/tools/compiler/ti-cgt-c2000_20.2.0.LTS/bin/cl2000" -v28 -ml -mt --cla_support=cla2 --float_support=fpu32 --tmu_support=tmu0 --vcu_support=vcu0 -Ooff --include_path="D:/DSP/_DspProject/_F280049_Project_v0" --include_path="D:/DSP/_DspProject/_F280049_Project_v0/device" --include_path="C:/ti/c2000/C2000Ware_3_04_00_00/driverlib/f28004x/driverlib" --include_path="C:/ti/ccs1000/ccs/tools/compiler/ti-cgt-c2000_20.2.0.LTS/include" --include_path="C:/ti/c2000/C2000Ware_3_04_00_00/device_support/f28004x/headers/include" --advice:performance=all --define=DEBUG --define=CPU1 --diag_suppress=10063 --diag_warning=225 --diag_wrap=off --display_error_number --abi=coffabi --preproc_with_compile --preproc_dependency="device/device.d_raw" --include_path="D:/DSP/_DspProject/_F280049_Project_v0/CPU1_RAM/syscfg" --obj_directory="device"  "../device/device.c"
Finished building: "../device/device.c"
 
Building file: "../f28004x_globalvariabledefs.c"
Invoking: C2000 Compiler
"C:/ti/ccs1000/ccs/tools/compiler/ti-cgt-c2000_20.2.0.LTS/bin/cl2000" -v28 -ml -mt --cla_support=cla2 --float_support=fpu32 --tmu_support=tmu0 --vcu_support=vcu0 -Ooff --include_path="D:/DSP/_DspProject/_F280049_Project_v0" --include_path="D:/DSP/_DspProject/_F280049_Project_v0/device" --include_path="C:/ti/c2000/C2000Ware_3_04_00_00/driverlib/f28004x/driverlib" --include_path="C:/ti/ccs1000/ccs/tools/compiler/ti-cgt-c2000_20.2.0.LTS/include" --include_path="C:/ti/c2000/C2000Ware_3_04_00_00/device_support/f28004x/headers/include" --advice:performance=all --define=DEBUG --define=CPU1 --diag_suppress=10063 --diag_warning=225 --diag_wrap=off --display_error_number --abi=coffabi --preproc_with_compile --preproc_dependency="f28004x_globalvariabledefs.d_raw" --include_path="D:/DSP/_DspProject/_F280049_Project_v0/CPU1_RAM/syscfg"  "../f28004x_globalvariabledefs.c"
Finished building: "../f28004x_globalvariabledefs.c"
 
Building target: "_F280049_Project_v0.out"
Invoking: C2000 Linker
"C:/ti/ccs1000/ccs/tools/compiler/ti-cgt-c2000_20.2.0.LTS/bin/cl2000" -v28 -ml -mt --cla_support=cla2 --float_support=fpu32 --tmu_support=tmu0 --vcu_support=vcu0 -Ooff --advice:performance=all --define=DEBUG --define=CPU1 --diag_suppress=10063 --diag_warning=225 --diag_wrap=off --display_error_number --abi=coffabi -z -m"_F280049_Project_v0.map" --stack_size=0x100 --warn_sections -i"C:/ti/ccs1000/ccs/tools/compiler/ti-cgt-c2000_20.2.0.LTS/lib" -i"C:/ti/ccs1000/ccs/tools/compiler/ti-cgt-c2000_20.2.0.LTS/include" --reread_libs --diag_wrap=off --display_error_number --xml_link_info="_F280049_Project_v0_linkInfo.xml" --entry_point=code_start --rom_model -o "_F280049_Project_v0.out" "./f28004x_globalvariabledefs.obj" "./main.obj" "./device/device.obj" "./device/f28004x_codestartbranch.obj" "../28004x_generic_ram_lnk.cmd" "C:/ti/c2000/C2000Ware_3_04_00_00/driverlib/f28004x/driverlib/ccs/Debug/driverlib.lib" "../f28004x_headers_nonbios.cmd"  -llibc.a 
<Linking>
Finished building target: "_F280049_Project_v0.out"
 
Building files: "_F280049_Project_v0.out"
Invoking: C2000 Hex Utility
"C:/ti/ccs1000/ccs/tools/compiler/ti-cgt-c2000_20.2.0.LTS/bin/hex2000" --linkerfill --boot --sci8 --ascii -o "_F280049_Project_v0.txt"  "_F280049_Project_v0.out" 
Translating to ASCII-Hex format...
   "_F280049_Project_v0.out" codestart ==> (BOOT TABLE)
   "_F280049_Project_v0.out" .TI.ramfunc ==> (BOOT TABLE)
   "_F280049_Project_v0.out" .cinit ==> (BOOT TABLE)
   "_F280049_Project_v0.out" .econst ==> (BOOT TABLE)
   "_F280049_Project_v0.out" .text.1 ==> (BOOT TABLE)
   "_F280049_Project_v0.out" .text.2 ==> (BOOT TABLE)
Finished building: "_F280049_Project_v0.out"
 

**** Build Finished ****
