
**** Build of configuration CPU1_RAM for project can_ex3_external_transmit ****

"C:\\ti\\ccs1000\\ccs\\utils\\bin\\gmake" -k -j 6 all -O 
 
Building file: "../device/f28004x_codestartbranch.asm"
Invoking: C2000 Compiler
"C:/ti/ccs1000/ccs/tools/compiler/ti-cgt-c2000_20.2.0.LTS/bin/cl2000" -v28 -ml -mt --cla_support=cla2 --float_support=fpu32 --tmu_support=tmu0 --vcu_support=vcu0 -Ooff --include_path="D:/DSP/_DspProject/can_ex3_external_transmit" --include_path="D:/DSP/_DspProject/can_ex3_external_transmit/device" --include_path="C:/ti/c2000/C2000Ware_3_04_00_00/driverlib/f28004x/driverlib" --include_path="C:/ti/ccs1000/ccs/tools/compiler/ti-cgt-c2000_20.2.0.LTS/include" --define=DEBUG --define=CPU1 --define=_DEBUG --define=LARGE_MODEL --diag_suppress=10063 --diag_warning=225 --diag_wrap=off --display_error_number --abi=eabi --preproc_with_compile --preproc_dependency="device/f28004x_codestartbranch.d_raw" --include_path="D:/DSP/_DspProject/can_ex3_external_transmit/CPU1_RAM/syscfg" --obj_directory="device"  "../device/f28004x_codestartbranch.asm"
Finished building: "../device/f28004x_codestartbranch.asm"
 
Building file: "../device/device.c"
Invoking: C2000 Compiler
"C:/ti/ccs1000/ccs/tools/compiler/ti-cgt-c2000_20.2.0.LTS/bin/cl2000" -v28 -ml -mt --cla_support=cla2 --float_support=fpu32 --tmu_support=tmu0 --vcu_support=vcu0 -Ooff --include_path="D:/DSP/_DspProject/can_ex3_external_transmit" --include_path="D:/DSP/_DspProject/can_ex3_external_transmit/device" --include_path="C:/ti/c2000/C2000Ware_3_04_00_00/driverlib/f28004x/driverlib" --include_path="C:/ti/ccs1000/ccs/tools/compiler/ti-cgt-c2000_20.2.0.LTS/include" --define=DEBUG --define=CPU1 --define=_DEBUG --define=LARGE_MODEL --diag_suppress=10063 --diag_warning=225 --diag_wrap=off --display_error_number --abi=eabi --preproc_with_compile --preproc_dependency="device/device.d_raw" --include_path="D:/DSP/_DspProject/can_ex3_external_transmit/CPU1_RAM/syscfg" --obj_directory="device"  "../device/device.c"
Finished building: "../device/device.c"
 
Building file: "../can_ex3_external_transmit.c"
Invoking: C2000 Compiler
"C:/ti/ccs1000/ccs/tools/compiler/ti-cgt-c2000_20.2.0.LTS/bin/cl2000" -v28 -ml -mt --cla_support=cla2 --float_support=fpu32 --tmu_support=tmu0 --vcu_support=vcu0 -Ooff --include_path="D:/DSP/_DspProject/can_ex3_external_transmit" --include_path="D:/DSP/_DspProject/can_ex3_external_transmit/device" --include_path="C:/ti/c2000/C2000Ware_3_04_00_00/driverlib/f28004x/driverlib" --include_path="C:/ti/ccs1000/ccs/tools/compiler/ti-cgt-c2000_20.2.0.LTS/include" --define=DEBUG --define=CPU1 --define=_DEBUG --define=LARGE_MODEL --diag_suppress=10063 --diag_warning=225 --diag_wrap=off --display_error_number --abi=eabi --preproc_with_compile --preproc_dependency="can_ex3_external_transmit.d_raw" --include_path="D:/DSP/_DspProject/can_ex3_external_transmit/CPU1_RAM/syscfg"  "../can_ex3_external_transmit.c"
Finished building: "../can_ex3_external_transmit.c"
 
Building target: "can_ex3_external_transmit.out"
Invoking: C2000 Linker
"C:/ti/ccs1000/ccs/tools/compiler/ti-cgt-c2000_20.2.0.LTS/bin/cl2000" -v28 -ml -mt --cla_support=cla2 --float_support=fpu32 --tmu_support=tmu0 --vcu_support=vcu0 -Ooff --define=DEBUG --define=CPU1 --define=_DEBUG --define=LARGE_MODEL --diag_suppress=10063 --diag_warning=225 --diag_wrap=off --display_error_number --abi=eabi -z -m"can_ex3_external_transmit.map" --stack_size=0x380 --warn_sections -i"C:/ti/ccs1000/ccs/tools/compiler/ti-cgt-c2000_20.2.0.LTS/lib" -i"C:/ti/ccs1000/ccs/tools/compiler/ti-cgt-c2000_20.2.0.LTS/include" --reread_libs --diag_wrap=off --display_error_number --xml_link_info="can_ex3_external_transmit_linkInfo.xml" --entry_point=code_start --rom_model -o "can_ex3_external_transmit.out" "./can_ex3_external_transmit.obj" "./device/device.obj" "./device/f28004x_codestartbranch.obj" "../28004x_generic_ram_lnk.cmd" "C:/ti/c2000/C2000Ware_3_04_00_00/driverlib/f28004x/driverlib/ccs/Debug/driverlib.lib"  -llibc.a 
<Linking>
Finished building target: "can_ex3_external_transmit.out"
 

**** Build Finished ****
