
**** Build of configuration CPU1_FLASH for project F280049_Project_v3 ****

"C:\\ti\\ccs1000\\ccs\\utils\\bin\\gmake" -k -j 6 all -O 
 
Building file: "../codestartbranch.asm"
Invoking: C2000 Compiler
"C:/ti/ccs1000/ccs/tools/compiler/ti-cgt-c2000_21.6.0.LTS/bin/cl2000" -v28 -ml -mt --cla_support=cla2 --float_support=fpu32 --tmu_support=tmu0 --vcu_support=vcu0 -Ooff --include_path="D:/DSP/_DspProject/F280049_Project_v3" --include_path="D:/DSP/_DspProject/F280049_Project_v3/device" --include_path="C:/ti/c2000/C2000Ware_3_04_00_00/driverlib/f28004x/driverlib" --include_path="C:/ti/ccs1000/ccs/tools/compiler/ti-cgt-c2000_21.6.0.LTS/include" --include_path="C:/ti/c2000/C2000Ware_3_04_00_00/device_support/f28004x/headers/include" --include_path="C:/ti/c2000/C2000Ware_3_04_00_00/libraries/flash_api/f28004x/include/FlashAPI" --define=DEBUG --define=_FLASH --define=CPU1 --diag_suppress=10063 --diag_warning=225 --diag_wrap=off --display_error_number --abi=coffabi --preproc_with_compile --preproc_dependency="codestartbranch.d_raw" --include_path="D:/DSP/_DspProject/F280049_Project_v3/CPU1_FLASH/syscfg"  "../codestartbranch.asm"
Finished building: "../codestartbranch.asm"
 
Building file: "../device/device.c"
Invoking: C2000 Compiler
"C:/ti/ccs1000/ccs/tools/compiler/ti-cgt-c2000_21.6.0.LTS/bin/cl2000" -v28 -ml -mt --cla_support=cla2 --float_support=fpu32 --tmu_support=tmu0 --vcu_support=vcu0 -Ooff --include_path="D:/DSP/_DspProject/F280049_Project_v3" --include_path="D:/DSP/_DspProject/F280049_Project_v3/device" --include_path="C:/ti/c2000/C2000Ware_3_04_00_00/driverlib/f28004x/driverlib" --include_path="C:/ti/ccs1000/ccs/tools/compiler/ti-cgt-c2000_21.6.0.LTS/include" --include_path="C:/ti/c2000/C2000Ware_3_04_00_00/device_support/f28004x/headers/include" --include_path="C:/ti/c2000/C2000Ware_3_04_00_00/libraries/flash_api/f28004x/include/FlashAPI" --define=DEBUG --define=_FLASH --define=CPU1 --diag_suppress=10063 --diag_warning=225 --diag_wrap=off --display_error_number --abi=coffabi --preproc_with_compile --preproc_dependency="device/device.d_raw" --include_path="D:/DSP/_DspProject/F280049_Project_v3/CPU1_FLASH/syscfg" --obj_directory="device"  "../device/device.c"
Finished building: "../device/device.c"
 
Building file: "../main.c"
Invoking: C2000 Compiler
"C:/ti/ccs1000/ccs/tools/compiler/ti-cgt-c2000_21.6.0.LTS/bin/cl2000" -v28 -ml -mt --cla_support=cla2 --float_support=fpu32 --tmu_support=tmu0 --vcu_support=vcu0 -Ooff --include_path="D:/DSP/_DspProject/F280049_Project_v3" --include_path="D:/DSP/_DspProject/F280049_Project_v3/device" --include_path="C:/ti/c2000/C2000Ware_3_04_00_00/driverlib/f28004x/driverlib" --include_path="C:/ti/ccs1000/ccs/tools/compiler/ti-cgt-c2000_21.6.0.LTS/include" --include_path="C:/ti/c2000/C2000Ware_3_04_00_00/device_support/f28004x/headers/include" --include_path="C:/ti/c2000/C2000Ware_3_04_00_00/libraries/flash_api/f28004x/include/FlashAPI" --define=DEBUG --define=_FLASH --define=CPU1 --diag_suppress=10063 --diag_warning=225 --diag_wrap=off --display_error_number --abi=coffabi --preproc_with_compile --preproc_dependency="main.d_raw" --include_path="D:/DSP/_DspProject/F280049_Project_v3/CPU1_FLASH/syscfg"  "../main.c"
Finished building: "../main.c"
 
Building file: "../f28004x_globalvariabledefs.c"
Invoking: C2000 Compiler
"C:/ti/ccs1000/ccs/tools/compiler/ti-cgt-c2000_21.6.0.LTS/bin/cl2000" -v28 -ml -mt --cla_support=cla2 --float_support=fpu32 --tmu_support=tmu0 --vcu_support=vcu0 -Ooff --include_path="D:/DSP/_DspProject/F280049_Project_v3" --include_path="D:/DSP/_DspProject/F280049_Project_v3/device" --include_path="C:/ti/c2000/C2000Ware_3_04_00_00/driverlib/f28004x/driverlib" --include_path="C:/ti/ccs1000/ccs/tools/compiler/ti-cgt-c2000_21.6.0.LTS/include" --include_path="C:/ti/c2000/C2000Ware_3_04_00_00/device_support/f28004x/headers/include" --include_path="C:/ti/c2000/C2000Ware_3_04_00_00/libraries/flash_api/f28004x/include/FlashAPI" --define=DEBUG --define=_FLASH --define=CPU1 --diag_suppress=10063 --diag_warning=225 --diag_wrap=off --display_error_number --abi=coffabi --preproc_with_compile --preproc_dependency="f28004x_globalvariabledefs.d_raw" --include_path="D:/DSP/_DspProject/F280049_Project_v3/CPU1_FLASH/syscfg"  "../f28004x_globalvariabledefs.c"
Finished building: "../f28004x_globalvariabledefs.c"
 
Building target: "F280049_Project_v3.out"
Invoking: C2000 Linker
"C:/ti/ccs1000/ccs/tools/compiler/ti-cgt-c2000_21.6.0.LTS/bin/cl2000" -v28 -ml -mt --cla_support=cla2 --float_support=fpu32 --tmu_support=tmu0 --vcu_support=vcu0 -Ooff --define=DEBUG --define=_FLASH --define=CPU1 --diag_suppress=10063 --diag_warning=225 --diag_wrap=off --display_error_number --abi=coffabi -z -m"F280049_Project_v3.map" --stack_size=0x100 --warn_sections -i"C:/ti/ccs1000/ccs/tools/compiler/ti-cgt-c2000_21.6.0.LTS/lib" -i"C:/ti/ccs1000/ccs/tools/compiler/ti-cgt-c2000_21.6.0.LTS/include" --reread_libs --diag_wrap=off --display_error_number --xml_link_info="F280049_Project_v3_linkInfo.xml" --entry_point=code_start --rom_model -o "F280049_Project_v3.out" "./codestartbranch.obj" "./f28004x_globalvariabledefs.obj" "./main.obj" "./device/device.obj" "../28004x_generic_flash_lnk.cmd" "../F021_API_F28004x_FPU32.lib" "C:/ti/c2000/C2000Ware_3_04_00_00/driverlib/f28004x/driverlib/ccs/Debug/driverlib.lib" "../f28004x_headers_nonbios.cmd"  -llibc.a 
<Linking>
Finished building target: "F280049_Project_v3.out"
 
Building files: "F280049_Project_v3.out"
Invoking: C2000 Hex Utility
"C:/ti/ccs1000/ccs/tools/compiler/ti-cgt-c2000_21.6.0.LTS/bin/hex2000" --boot --sci8 --ascii -o "F280049_Project_v3.txt"  "F280049_Project_v3.out" 
Translating to ASCII-Hex format...
   "F280049_Project_v3.out" codestart ==> (BOOT TABLE)
   "F280049_Project_v3.out" .cinit ==> (BOOT TABLE)
   "F280049_Project_v3.out" .econst ==> (BOOT TABLE)
   "F280049_Project_v3.out" .TI.ramfunc ==> (BOOT TABLE)
   "F280049_Project_v3.out" .text.1 ==> (BOOT TABLE)
   "F280049_Project_v3.out" .text.2 ==> (BOOT TABLE)
Finished building: "F280049_Project_v3.out"
 

**** Build Finished ****
