
**** Build of configuration CPU1_RAM for project F280049_Project_v0 ****

"C:\\ti\\ccs1000\\ccs\\utils\\bin\\gmake" -k -j 6 all -O 
 
Building file: "../device/f28004x_codestartbranch.asm"
Invoking: C2000 Compiler
"C:/ti/ccs1000/ccs/tools/compiler/ti-cgt-c2000_20.2.0.LTS/bin/cl2000" -v28 -ml -mt --cla_support=cla2 --float_support=fpu32 --tmu_support=tmu0 --vcu_support=vcu0 -Ooff --include_path="D:/DSP/_DspProject/F280049_Project_v0" --include_path="D:/DSP/_DspProject/F280049_Project_v0/device" --include_path="C:/ti/c2000/C2000Ware_3_04_00_00/driverlib/f28004x/driverlib" --include_path="C:/ti/ccs1000/ccs/tools/compiler/ti-cgt-c2000_20.2.0.LTS/include" --include_path="C:/ti/c2000/C2000Ware_3_04_00_00/device_support/f28004x/headers/include" --advice:performance=all --define=DEBUG --define=CPU1 --diag_suppress=10063 --diag_warning=225 --diag_wrap=off --display_error_number --abi=coffabi --preproc_with_compile --preproc_dependency="device/f28004x_codestartbranch.d_raw" --include_path="D:/DSP/_DspProject/F280049_Project_v0/CPU1_RAM/syscfg" --obj_directory="device"  "../device/f28004x_codestartbranch.asm"
Finished building: "../device/f28004x_codestartbranch.asm"
 
Building file: "../main.c"
Invoking: C2000 Compiler
"C:/ti/ccs1000/ccs/tools/compiler/ti-cgt-c2000_20.2.0.LTS/bin/cl2000" -v28 -ml -mt --cla_support=cla2 --float_support=fpu32 --tmu_support=tmu0 --vcu_support=vcu0 -Ooff --include_path="D:/DSP/_DspProject/F280049_Project_v0" --include_path="D:/DSP/_DspProject/F280049_Project_v0/device" --include_path="C:/ti/c2000/C2000Ware_3_04_00_00/driverlib/f28004x/driverlib" --include_path="C:/ti/ccs1000/ccs/tools/compiler/ti-cgt-c2000_20.2.0.LTS/include" --include_path="C:/ti/c2000/C2000Ware_3_04_00_00/device_support/f28004x/headers/include" --advice:performance=all --define=DEBUG --define=CPU1 --diag_suppress=10063 --diag_warning=225 --diag_wrap=off --display_error_number --abi=coffabi --preproc_with_compile --preproc_dependency="main.d_raw" --include_path="D:/DSP/_DspProject/F280049_Project_v0/CPU1_RAM/syscfg"  "../main.c"
 
>> Compilation failure
subdir_rules.mk:9: recipe for target 'main.obj' failed
Building file: "../device/device.c"
Invoking: C2000 Compiler
"C:/ti/ccs1000/ccs/tools/compiler/ti-cgt-c2000_20.2.0.LTS/bin/cl2000" -v28 -ml -mt --cla_support=cla2 --float_support=fpu32 --tmu_support=tmu0 --vcu_support=vcu0 -Ooff --include_path="D:/DSP/_DspProject/F280049_Project_v0" --include_path="D:/DSP/_DspProject/F280049_Project_v0/device" --include_path="C:/ti/c2000/C2000Ware_3_04_00_00/driverlib/f28004x/driverlib" --include_path="C:/ti/ccs1000/ccs/tools/compiler/ti-cgt-c2000_20.2.0.LTS/include" --include_path="C:/ti/c2000/C2000Ware_3_04_00_00/device_support/f28004x/headers/include" --advice:performance=all --define=DEBUG --define=CPU1 --diag_suppress=10063 --diag_warning=225 --diag_wrap=off --display_error_number --abi=coffabi --preproc_with_compile --preproc_dependency="device/device.d_raw" --include_path="D:/DSP/_DspProject/F280049_Project_v0/CPU1_RAM/syscfg" --obj_directory="device"  "../device/device.c"
"../main.c", line 76: error #20: identifier "AdcaRegs" is undefined
"../main.c", line 77: error #135: expected a field name
"../main.c", line 77: error #66: expected a ";"
3 errors detected in the compilation of "../main.c".
gmake: *** [main.obj] Error 1
Finished building: "../device/device.c"
 
Building file: "../f28004x_globalvariabledefs.c"
Invoking: C2000 Compiler
"C:/ti/ccs1000/ccs/tools/compiler/ti-cgt-c2000_20.2.0.LTS/bin/cl2000" -v28 -ml -mt --cla_support=cla2 --float_support=fpu32 --tmu_support=tmu0 --vcu_support=vcu0 -Ooff --include_path="D:/DSP/_DspProject/F280049_Project_v0" --include_path="D:/DSP/_DspProject/F280049_Project_v0/device" --include_path="C:/ti/c2000/C2000Ware_3_04_00_00/driverlib/f28004x/driverlib" --include_path="C:/ti/ccs1000/ccs/tools/compiler/ti-cgt-c2000_20.2.0.LTS/include" --include_path="C:/ti/c2000/C2000Ware_3_04_00_00/device_support/f28004x/headers/include" --advice:performance=all --define=DEBUG --define=CPU1 --diag_suppress=10063 --diag_warning=225 --diag_wrap=off --display_error_number --abi=coffabi --preproc_with_compile --preproc_dependency="f28004x_globalvariabledefs.d_raw" --include_path="D:/DSP/_DspProject/F280049_Project_v0/CPU1_RAM/syscfg"  "../f28004x_globalvariabledefs.c"
Finished building: "../f28004x_globalvariabledefs.c"
 
gmake: Target 'all' not remade because of errors.

**** Build Finished ****
