
**** Build of configuration CPU1_FLASH for project F280049_sci_kernel ****

"C:\\ti\\ccs1000\\ccs\\utils\\bin\\gmake" -k -j 6 all -O 
 
Building file: "../codestartbranch.asm"
Invoking: C2000 Compiler
"C:/ti/ccs1000/ccs/tools/compiler/ti-cgt-c2000_20.2.0.LTS/bin/cl2000" -v28 -ml -mt --cla_support=cla2 --float_support=fpu32 --tmu_support=tmu0 --vcu_support=vcu0 -Ooff --include_path="D:/DSP/_DspProject/F280049_sci_kernel" --include_path="D:/DSP/_DspProject/F280049_sci_kernel/device" --include_path="C:/ti/c2000/C2000Ware_3_04_00_00/driverlib/f28004x/driverlib" --include_path="C:/ti/ccs1000/ccs/tools/compiler/ti-cgt-c2000_20.2.0.LTS/include" --include_path="C:/ti/c2000/C2000Ware_3_04_00_00/libraries/flash_api/f28004x/include/FlashAPI" --define=DEBUG --define=_FLASH --define=CPU1 --diag_suppress=10063 --diag_warning=225 --diag_wrap=off --display_error_number --abi=eabi --preproc_with_compile --preproc_dependency="codestartbranch.d_raw" --include_path="D:/DSP/_DspProject/F280049_sci_kernel/CPU1_FLASH/syscfg"  "../codestartbranch.asm"
Finished building: "../codestartbranch.asm"
 
Building file: "../boot.c"
Invoking: C2000 Compiler
"C:/ti/ccs1000/ccs/tools/compiler/ti-cgt-c2000_20.2.0.LTS/bin/cl2000" -v28 -ml -mt --cla_support=cla2 --float_support=fpu32 --tmu_support=tmu0 --vcu_support=vcu0 -Ooff --include_path="D:/DSP/_DspProject/F280049_sci_kernel" --include_path="D:/DSP/_DspProject/F280049_sci_kernel/device" --include_path="C:/ti/c2000/C2000Ware_3_04_00_00/driverlib/f28004x/driverlib" --include_path="C:/ti/ccs1000/ccs/tools/compiler/ti-cgt-c2000_20.2.0.LTS/include" --include_path="C:/ti/c2000/C2000Ware_3_04_00_00/libraries/flash_api/f28004x/include/FlashAPI" --define=DEBUG --define=_FLASH --define=CPU1 --diag_suppress=10063 --diag_warning=225 --diag_wrap=off --display_error_number --abi=eabi --preproc_with_compile --preproc_dependency="boot.d_raw" --include_path="D:/DSP/_DspProject/F280049_sci_kernel/CPU1_FLASH/syscfg"  "../boot.c"
 
>> Compilation failure
subdir_rules.mk:9: recipe for target 'boot.obj' failed
 
INTERNAL ERROR: C:\ti\ccs1000\ccs\tools\compiler\ti-cgt-c2000_20.2.0.LTS\bin\acia2000.exe experienced a segmentation fault
                  while processing function (unknown or file scope) file (unknown) line 0
 
This is caused by a defect in the TI EABI C/C++ Parser.
TI Customer Support may be able to suggest a workaround to avoid this.
 
Upgrading to the newest version of the compiler may fix this problem.
 
Contact TI in the E2E support forums at http://e2e.ti.com under
"Development Tools", "TI C/C++ Compiler".  See the link titled
"Submitting an issue".
 
We need to see this ENTIRE error message and a complete, reproducible
test case including ALL of the command-line options.
Include the .pp file created by option --preproc_with_comment
 
gmake: *** [boot.obj] Error 1
Building file: "../erase.c"
Invoking: C2000 Compiler
"C:/ti/ccs1000/ccs/tools/compiler/ti-cgt-c2000_20.2.0.LTS/bin/cl2000" -v28 -ml -mt --cla_support=cla2 --float_support=fpu32 --tmu_support=tmu0 --vcu_support=vcu0 -Ooff --include_path="D:/DSP/_DspProject/F280049_sci_kernel" --include_path="D:/DSP/_DspProject/F280049_sci_kernel/device" --include_path="C:/ti/c2000/C2000Ware_3_04_00_00/driverlib/f28004x/driverlib" --include_path="C:/ti/ccs1000/ccs/tools/compiler/ti-cgt-c2000_20.2.0.LTS/include" --include_path="C:/ti/c2000/C2000Ware_3_04_00_00/libraries/flash_api/f28004x/include/FlashAPI" --define=DEBUG --define=_FLASH --define=CPU1 --diag_suppress=10063 --diag_warning=225 --diag_wrap=off --display_error_number --abi=eabi --preproc_with_compile --preproc_dependency="erase.d_raw" --include_path="D:/DSP/_DspProject/F280049_sci_kernel/CPU1_FLASH/syscfg"  "../erase.c"
Finished building: "../erase.c"
 
Building file: "../verify.c"
Invoking: C2000 Compiler
"C:/ti/ccs1000/ccs/tools/compiler/ti-cgt-c2000_20.2.0.LTS/bin/cl2000" -v28 -ml -mt --cla_support=cla2 --float_support=fpu32 --tmu_support=tmu0 --vcu_support=vcu0 -Ooff --include_path="D:/DSP/_DspProject/F280049_sci_kernel" --include_path="D:/DSP/_DspProject/F280049_sci_kernel/device" --include_path="C:/ti/c2000/C2000Ware_3_04_00_00/driverlib/f28004x/driverlib" --include_path="C:/ti/ccs1000/ccs/tools/compiler/ti-cgt-c2000_20.2.0.LTS/include" --include_path="C:/ti/c2000/C2000Ware_3_04_00_00/libraries/flash_api/f28004x/include/FlashAPI" --define=DEBUG --define=_FLASH --define=CPU1 --diag_suppress=10063 --diag_warning=225 --diag_wrap=off --display_error_number --abi=eabi --preproc_with_compile --preproc_dependency="verify.d_raw" --include_path="D:/DSP/_DspProject/F280049_sci_kernel/CPU1_FLASH/syscfg"  "../verify.c"
 
>> Compilation failure
subdir_rules.mk:9: recipe for target 'verify.obj' failed
 
INTERNAL ERROR: C:\ti\ccs1000\ccs\tools\compiler\ti-cgt-c2000_20.2.0.LTS\bin\acia2000.exe experienced a segmentation fault
                  while processing function (unknown or file scope) file (unknown) line 0
 
This is caused by a defect in the TI EABI C/C++ Parser.
TI Customer Support may be able to suggest a workaround to avoid this.
 
Upgrading to the newest version of the compiler may fix this problem.
 
Contact TI in the E2E support forums at http://e2e.ti.com under
"Development Tools", "TI C/C++ Compiler".  See the link titled
"Submitting an issue".
 
We need to see this ENTIRE error message and a complete, reproducible
test case including ALL of the command-line options.
Include the .pp file created by option --preproc_with_comment
 
gmake: *** [verify.obj] Error 1
Building file: "../sci_boot.c"
Invoking: C2000 Compiler
"C:/ti/ccs1000/ccs/tools/compiler/ti-cgt-c2000_20.2.0.LTS/bin/cl2000" -v28 -ml -mt --cla_support=cla2 --float_support=fpu32 --tmu_support=tmu0 --vcu_support=vcu0 -Ooff --include_path="D:/DSP/_DspProject/F280049_sci_kernel" --include_path="D:/DSP/_DspProject/F280049_sci_kernel/device" --include_path="C:/ti/c2000/C2000Ware_3_04_00_00/driverlib/f28004x/driverlib" --include_path="C:/ti/ccs1000/ccs/tools/compiler/ti-cgt-c2000_20.2.0.LTS/include" --include_path="C:/ti/c2000/C2000Ware_3_04_00_00/libraries/flash_api/f28004x/include/FlashAPI" --define=DEBUG --define=_FLASH --define=CPU1 --diag_suppress=10063 --diag_warning=225 --diag_wrap=off --display_error_number --abi=eabi --preproc_with_compile --preproc_dependency="sci_boot.d_raw" --include_path="D:/DSP/_DspProject/F280049_sci_kernel/CPU1_FLASH/syscfg"  "../sci_boot.c"
Finished building: "../sci_boot.c"
 
Building file: "../device/driverlib/asysctl.c"
Invoking: C2000 Compiler
"C:/ti/ccs1000/ccs/tools/compiler/ti-cgt-c2000_20.2.0.LTS/bin/cl2000" -v28 -ml -mt --cla_support=cla2 --float_support=fpu32 --tmu_support=tmu0 --vcu_support=vcu0 -Ooff --include_path="D:/DSP/_DspProject/F280049_sci_kernel" --include_path="D:/DSP/_DspProject/F280049_sci_kernel/device" --include_path="C:/ti/c2000/C2000Ware_3_04_00_00/driverlib/f28004x/driverlib" --include_path="C:/ti/ccs1000/ccs/tools/compiler/ti-cgt-c2000_20.2.0.LTS/include" --include_path="C:/ti/c2000/C2000Ware_3_04_00_00/libraries/flash_api/f28004x/include/FlashAPI" --define=DEBUG --define=_FLASH --define=CPU1 --diag_suppress=10063 --diag_warning=225 --diag_wrap=off --display_error_number --abi=eabi --preproc_with_compile --preproc_dependency="device/driverlib/asysctl.d_raw" --include_path="D:/DSP/_DspProject/F280049_sci_kernel/CPU1_FLASH/syscfg" --obj_directory="device/driverlib"  "../device/driverlib/asysctl.c"
Finished building: "../device/driverlib/asysctl.c"
 
Building file: "../sci_flash_kernel.c"
Invoking: C2000 Compiler
"C:/ti/ccs1000/ccs/tools/compiler/ti-cgt-c2000_20.2.0.LTS/bin/cl2000" -v28 -ml -mt --cla_support=cla2 --float_support=fpu32 --tmu_support=tmu0 --vcu_support=vcu0 -Ooff --include_path="D:/DSP/_DspProject/F280049_sci_kernel" --include_path="D:/DSP/_DspProject/F280049_sci_kernel/device" --include_path="C:/ti/c2000/C2000Ware_3_04_00_00/driverlib/f28004x/driverlib" --include_path="C:/ti/ccs1000/ccs/tools/compiler/ti-cgt-c2000_20.2.0.LTS/include" --include_path="C:/ti/c2000/C2000Ware_3_04_00_00/libraries/flash_api/f28004x/include/FlashAPI" --define=DEBUG --define=_FLASH --define=CPU1 --diag_suppress=10063 --diag_warning=225 --diag_wrap=off --display_error_number --abi=eabi --preproc_with_compile --preproc_dependency="sci_flash_kernel.d_raw" --include_path="D:/DSP/_DspProject/F280049_sci_kernel/CPU1_FLASH/syscfg"  "../sci_flash_kernel.c"
Finished building: "../sci_flash_kernel.c"
 
Building file: "../device/driverlib/adc.c"
Invoking: C2000 Compiler
"C:/ti/ccs1000/ccs/tools/compiler/ti-cgt-c2000_20.2.0.LTS/bin/cl2000" -v28 -ml -mt --cla_support=cla2 --float_support=fpu32 --tmu_support=tmu0 --vcu_support=vcu0 -Ooff --include_path="D:/DSP/_DspProject/F280049_sci_kernel" --include_path="D:/DSP/_DspProject/F280049_sci_kernel/device" --include_path="C:/ti/c2000/C2000Ware_3_04_00_00/driverlib/f28004x/driverlib" --include_path="C:/ti/ccs1000/ccs/tools/compiler/ti-cgt-c2000_20.2.0.LTS/include" --include_path="C:/ti/c2000/C2000Ware_3_04_00_00/libraries/flash_api/f28004x/include/FlashAPI" --define=DEBUG --define=_FLASH --define=CPU1 --diag_suppress=10063 --diag_warning=225 --diag_wrap=off --display_error_number --abi=eabi --preproc_with_compile --preproc_dependency="device/driverlib/adc.d_raw" --include_path="D:/DSP/_DspProject/F280049_sci_kernel/CPU1_FLASH/syscfg" --obj_directory="device/driverlib"  "../device/driverlib/adc.c"
Finished building: "../device/driverlib/adc.c"
 
Building file: "../device/device.c"
Invoking: C2000 Compiler
"C:/ti/ccs1000/ccs/tools/compiler/ti-cgt-c2000_20.2.0.LTS/bin/cl2000" -v28 -ml -mt --cla_support=cla2 --float_support=fpu32 --tmu_support=tmu0 --vcu_support=vcu0 -Ooff --include_path="D:/DSP/_DspProject/F280049_sci_kernel" --include_path="D:/DSP/_DspProject/F280049_sci_kernel/device" --include_path="C:/ti/c2000/C2000Ware_3_04_00_00/driverlib/f28004x/driverlib" --include_path="C:/ti/ccs1000/ccs/tools/compiler/ti-cgt-c2000_20.2.0.LTS/include" --include_path="C:/ti/c2000/C2000Ware_3_04_00_00/libraries/flash_api/f28004x/include/FlashAPI" --define=DEBUG --define=_FLASH --define=CPU1 --diag_suppress=10063 --diag_warning=225 --diag_wrap=off --display_error_number --abi=eabi --preproc_with_compile --preproc_dependency="device/device.d_raw" --include_path="D:/DSP/_DspProject/F280049_sci_kernel/CPU1_FLASH/syscfg" --obj_directory="device"  "../device/device.c"
Finished building: "../device/device.c"
 
Building file: "../sci_get_function.c"
Invoking: C2000 Compiler
"C:/ti/ccs1000/ccs/tools/compiler/ti-cgt-c2000_20.2.0.LTS/bin/cl2000" -v28 -ml -mt --cla_support=cla2 --float_support=fpu32 --tmu_support=tmu0 --vcu_support=vcu0 -Ooff --include_path="D:/DSP/_DspProject/F280049_sci_kernel" --include_path="D:/DSP/_DspProject/F280049_sci_kernel/device" --include_path="C:/ti/c2000/C2000Ware_3_04_00_00/driverlib/f28004x/driverlib" --include_path="C:/ti/ccs1000/ccs/tools/compiler/ti-cgt-c2000_20.2.0.LTS/include" --include_path="C:/ti/c2000/C2000Ware_3_04_00_00/libraries/flash_api/f28004x/include/FlashAPI" --define=DEBUG --define=_FLASH --define=CPU1 --diag_suppress=10063 --diag_warning=225 --diag_wrap=off --display_error_number --abi=eabi --preproc_with_compile --preproc_dependency="sci_get_function.d_raw" --include_path="D:/DSP/_DspProject/F280049_sci_kernel/CPU1_FLASH/syscfg"  "../sci_get_function.c"
Finished building: "../sci_get_function.c"
 
Building file: "../device/driverlib/cla.c"
Invoking: C2000 Compiler
"C:/ti/ccs1000/ccs/tools/compiler/ti-cgt-c2000_20.2.0.LTS/bin/cl2000" -v28 -ml -mt --cla_support=cla2 --float_support=fpu32 --tmu_support=tmu0 --vcu_support=vcu0 -Ooff --include_path="D:/DSP/_DspProject/F280049_sci_kernel" --include_path="D:/DSP/_DspProject/F280049_sci_kernel/device" --include_path="C:/ti/c2000/C2000Ware_3_04_00_00/driverlib/f28004x/driverlib" --include_path="C:/ti/ccs1000/ccs/tools/compiler/ti-cgt-c2000_20.2.0.LTS/include" --include_path="C:/ti/c2000/C2000Ware_3_04_00_00/libraries/flash_api/f28004x/include/FlashAPI" --define=DEBUG --define=_FLASH --define=CPU1 --diag_suppress=10063 --diag_warning=225 --diag_wrap=off --display_error_number --abi=eabi --preproc_with_compile --preproc_dependency="device/driverlib/cla.d_raw" --include_path="D:/DSP/_DspProject/F280049_sci_kernel/CPU1_FLASH/syscfg" --obj_directory="device/driverlib"  "../device/driverlib/cla.c"
Finished building: "../device/driverlib/cla.c"
 
Building file: "../device/driverlib/clapromcrc.c"
Invoking: C2000 Compiler
"C:/ti/ccs1000/ccs/tools/compiler/ti-cgt-c2000_20.2.0.LTS/bin/cl2000" -v28 -ml -mt --cla_support=cla2 --float_support=fpu32 --tmu_support=tmu0 --vcu_support=vcu0 -Ooff --include_path="D:/DSP/_DspProject/F280049_sci_kernel" --include_path="D:/DSP/_DspProject/F280049_sci_kernel/device" --include_path="C:/ti/c2000/C2000Ware_3_04_00_00/driverlib/f28004x/driverlib" --include_path="C:/ti/ccs1000/ccs/tools/compiler/ti-cgt-c2000_20.2.0.LTS/include" --include_path="C:/ti/c2000/C2000Ware_3_04_00_00/libraries/flash_api/f28004x/include/FlashAPI" --define=DEBUG --define=_FLASH --define=CPU1 --diag_suppress=10063 --diag_warning=225 --diag_wrap=off --display_error_number --abi=eabi --preproc_with_compile --preproc_dependency="device/driverlib/clapromcrc.d_raw" --include_path="D:/DSP/_DspProject/F280049_sci_kernel/CPU1_FLASH/syscfg" --obj_directory="device/driverlib"  "../device/driverlib/clapromcrc.c"
Finished building: "../device/driverlib/clapromcrc.c"
 
Building file: "../device/driverlib/can.c"
Invoking: C2000 Compiler
"C:/ti/ccs1000/ccs/tools/compiler/ti-cgt-c2000_20.2.0.LTS/bin/cl2000" -v28 -ml -mt --cla_support=cla2 --float_support=fpu32 --tmu_support=tmu0 --vcu_support=vcu0 -Ooff --include_path="D:/DSP/_DspProject/F280049_sci_kernel" --include_path="D:/DSP/_DspProject/F280049_sci_kernel/device" --include_path="C:/ti/c2000/C2000Ware_3_04_00_00/driverlib/f28004x/driverlib" --include_path="C:/ti/ccs1000/ccs/tools/compiler/ti-cgt-c2000_20.2.0.LTS/include" --include_path="C:/ti/c2000/C2000Ware_3_04_00_00/libraries/flash_api/f28004x/include/FlashAPI" --define=DEBUG --define=_FLASH --define=CPU1 --diag_suppress=10063 --diag_warning=225 --diag_wrap=off --display_error_number --abi=eabi --preproc_with_compile --preproc_dependency="device/driverlib/can.d_raw" --include_path="D:/DSP/_DspProject/F280049_sci_kernel/CPU1_FLASH/syscfg" --obj_directory="device/driverlib"  "../device/driverlib/can.c"
Finished building: "../device/driverlib/can.c"
 
Building file: "../device/driverlib/clb.c"
Invoking: C2000 Compiler
"C:/ti/ccs1000/ccs/tools/compiler/ti-cgt-c2000_20.2.0.LTS/bin/cl2000" -v28 -ml -mt --cla_support=cla2 --float_support=fpu32 --tmu_support=tmu0 --vcu_support=vcu0 -Ooff --include_path="D:/DSP/_DspProject/F280049_sci_kernel" --include_path="D:/DSP/_DspProject/F280049_sci_kernel/device" --include_path="C:/ti/c2000/C2000Ware_3_04_00_00/driverlib/f28004x/driverlib" --include_path="C:/ti/ccs1000/ccs/tools/compiler/ti-cgt-c2000_20.2.0.LTS/include" --include_path="C:/ti/c2000/C2000Ware_3_04_00_00/libraries/flash_api/f28004x/include/FlashAPI" --define=DEBUG --define=_FLASH --define=CPU1 --diag_suppress=10063 --diag_warning=225 --diag_wrap=off --display_error_number --abi=eabi --preproc_with_compile --preproc_dependency="device/driverlib/clb.d_raw" --include_path="D:/DSP/_DspProject/F280049_sci_kernel/CPU1_FLASH/syscfg" --obj_directory="device/driverlib"  "../device/driverlib/clb.c"
Finished building: "../device/driverlib/clb.c"
 
Building file: "../device/driverlib/cputimer.c"
Invoking: C2000 Compiler
"C:/ti/ccs1000/ccs/tools/compiler/ti-cgt-c2000_20.2.0.LTS/bin/cl2000" -v28 -ml -mt --cla_support=cla2 --float_support=fpu32 --tmu_support=tmu0 --vcu_support=vcu0 -Ooff --include_path="D:/DSP/_DspProject/F280049_sci_kernel" --include_path="D:/DSP/_DspProject/F280049_sci_kernel/device" --include_path="C:/ti/c2000/C2000Ware_3_04_00_00/driverlib/f28004x/driverlib" --include_path="C:/ti/ccs1000/ccs/tools/compiler/ti-cgt-c2000_20.2.0.LTS/include" --include_path="C:/ti/c2000/C2000Ware_3_04_00_00/libraries/flash_api/f28004x/include/FlashAPI" --define=DEBUG --define=_FLASH --define=CPU1 --diag_suppress=10063 --diag_warning=225 --diag_wrap=off --display_error_number --abi=eabi --preproc_with_compile --preproc_dependency="device/driverlib/cputimer.d_raw" --include_path="D:/DSP/_DspProject/F280049_sci_kernel/CPU1_FLASH/syscfg" --obj_directory="device/driverlib"  "../device/driverlib/cputimer.c"
Finished building: "../device/driverlib/cputimer.c"
 
Building file: "../device/driverlib/cmpss.c"
Invoking: C2000 Compiler
"C:/ti/ccs1000/ccs/tools/compiler/ti-cgt-c2000_20.2.0.LTS/bin/cl2000" -v28 -ml -mt --cla_support=cla2 --float_support=fpu32 --tmu_support=tmu0 --vcu_support=vcu0 -Ooff --include_path="D:/DSP/_DspProject/F280049_sci_kernel" --include_path="D:/DSP/_DspProject/F280049_sci_kernel/device" --include_path="C:/ti/c2000/C2000Ware_3_04_00_00/driverlib/f28004x/driverlib" --include_path="C:/ti/ccs1000/ccs/tools/compiler/ti-cgt-c2000_20.2.0.LTS/include" --include_path="C:/ti/c2000/C2000Ware_3_04_00_00/libraries/flash_api/f28004x/include/FlashAPI" --define=DEBUG --define=_FLASH --define=CPU1 --diag_suppress=10063 --diag_warning=225 --diag_wrap=off --display_error_number --abi=eabi --preproc_with_compile --preproc_dependency="device/driverlib/cmpss.d_raw" --include_path="D:/DSP/_DspProject/F280049_sci_kernel/CPU1_FLASH/syscfg" --obj_directory="device/driverlib"  "../device/driverlib/cmpss.c"
Finished building: "../device/driverlib/cmpss.c"
 
Building file: "../device/driverlib/dac.c"
Invoking: C2000 Compiler
"C:/ti/ccs1000/ccs/tools/compiler/ti-cgt-c2000_20.2.0.LTS/bin/cl2000" -v28 -ml -mt --cla_support=cla2 --float_support=fpu32 --tmu_support=tmu0 --vcu_support=vcu0 -Ooff --include_path="D:/DSP/_DspProject/F280049_sci_kernel" --include_path="D:/DSP/_DspProject/F280049_sci_kernel/device" --include_path="C:/ti/c2000/C2000Ware_3_04_00_00/driverlib/f28004x/driverlib" --include_path="C:/ti/ccs1000/ccs/tools/compiler/ti-cgt-c2000_20.2.0.LTS/include" --include_path="C:/ti/c2000/C2000Ware_3_04_00_00/libraries/flash_api/f28004x/include/FlashAPI" --define=DEBUG --define=_FLASH --define=CPU1 --diag_suppress=10063 --diag_warning=225 --diag_wrap=off --display_error_number --abi=eabi --preproc_with_compile --preproc_dependency="device/driverlib/dac.d_raw" --include_path="D:/DSP/_DspProject/F280049_sci_kernel/CPU1_FLASH/syscfg" --obj_directory="device/driverlib"  "../device/driverlib/dac.c"
"../device/driverlib/dac.c", line 74 (col. 38): advice #2615-D: (Performance) Use --fp_mode=relaxed to enable TMU hardware support for FP division.
Finished building: "../device/driverlib/dac.c"
 
Building file: "../device/driverlib/dcsm.c"
Invoking: C2000 Compiler
"C:/ti/ccs1000/ccs/tools/compiler/ti-cgt-c2000_20.2.0.LTS/bin/cl2000" -v28 -ml -mt --cla_support=cla2 --float_support=fpu32 --tmu_support=tmu0 --vcu_support=vcu0 -Ooff --include_path="D:/DSP/_DspProject/F280049_sci_kernel" --include_path="D:/DSP/_DspProject/F280049_sci_kernel/device" --include_path="C:/ti/c2000/C2000Ware_3_04_00_00/driverlib/f28004x/driverlib" --include_path="C:/ti/ccs1000/ccs/tools/compiler/ti-cgt-c2000_20.2.0.LTS/include" --include_path="C:/ti/c2000/C2000Ware_3_04_00_00/libraries/flash_api/f28004x/include/FlashAPI" --define=DEBUG --define=_FLASH --define=CPU1 --diag_suppress=10063 --diag_warning=225 --diag_wrap=off --display_error_number --abi=eabi --preproc_with_compile --preproc_dependency="device/driverlib/dcsm.d_raw" --include_path="D:/DSP/_DspProject/F280049_sci_kernel/CPU1_FLASH/syscfg" --obj_directory="device/driverlib"  "../device/driverlib/dcsm.c"
Finished building: "../device/driverlib/dcsm.c"
 
Building file: "../device/driverlib/ecap.c"
Invoking: C2000 Compiler
"C:/ti/ccs1000/ccs/tools/compiler/ti-cgt-c2000_20.2.0.LTS/bin/cl2000" -v28 -ml -mt --cla_support=cla2 --float_support=fpu32 --tmu_support=tmu0 --vcu_support=vcu0 -Ooff --include_path="D:/DSP/_DspProject/F280049_sci_kernel" --include_path="D:/DSP/_DspProject/F280049_sci_kernel/device" --include_path="C:/ti/c2000/C2000Ware_3_04_00_00/driverlib/f28004x/driverlib" --include_path="C:/ti/ccs1000/ccs/tools/compiler/ti-cgt-c2000_20.2.0.LTS/include" --include_path="C:/ti/c2000/C2000Ware_3_04_00_00/libraries/flash_api/f28004x/include/FlashAPI" --define=DEBUG --define=_FLASH --define=CPU1 --diag_suppress=10063 --diag_warning=225 --diag_wrap=off --display_error_number --abi=eabi --preproc_with_compile --preproc_dependency="device/driverlib/ecap.d_raw" --include_path="D:/DSP/_DspProject/F280049_sci_kernel/CPU1_FLASH/syscfg" --obj_directory="device/driverlib"  "../device/driverlib/ecap.c"
Finished building: "../device/driverlib/ecap.c"
 
Building file: "../device/driverlib/dma.c"
Invoking: C2000 Compiler
"C:/ti/ccs1000/ccs/tools/compiler/ti-cgt-c2000_20.2.0.LTS/bin/cl2000" -v28 -ml -mt --cla_support=cla2 --float_support=fpu32 --tmu_support=tmu0 --vcu_support=vcu0 -Ooff --include_path="D:/DSP/_DspProject/F280049_sci_kernel" --include_path="D:/DSP/_DspProject/F280049_sci_kernel/device" --include_path="C:/ti/c2000/C2000Ware_3_04_00_00/driverlib/f28004x/driverlib" --include_path="C:/ti/ccs1000/ccs/tools/compiler/ti-cgt-c2000_20.2.0.LTS/include" --include_path="C:/ti/c2000/C2000Ware_3_04_00_00/libraries/flash_api/f28004x/include/FlashAPI" --define=DEBUG --define=_FLASH --define=CPU1 --diag_suppress=10063 --diag_warning=225 --diag_wrap=off --display_error_number --abi=eabi --preproc_with_compile --preproc_dependency="device/driverlib/dma.d_raw" --include_path="D:/DSP/_DspProject/F280049_sci_kernel/CPU1_FLASH/syscfg" --obj_directory="device/driverlib"  "../device/driverlib/dma.c"
Finished building: "../device/driverlib/dma.c"
 
Building file: "../device/driverlib/dcc.c"
Invoking: C2000 Compiler
"C:/ti/ccs1000/ccs/tools/compiler/ti-cgt-c2000_20.2.0.LTS/bin/cl2000" -v28 -ml -mt --cla_support=cla2 --float_support=fpu32 --tmu_support=tmu0 --vcu_support=vcu0 -Ooff --include_path="D:/DSP/_DspProject/F280049_sci_kernel" --include_path="D:/DSP/_DspProject/F280049_sci_kernel/device" --include_path="C:/ti/c2000/C2000Ware_3_04_00_00/driverlib/f28004x/driverlib" --include_path="C:/ti/ccs1000/ccs/tools/compiler/ti-cgt-c2000_20.2.0.LTS/include" --include_path="C:/ti/c2000/C2000Ware_3_04_00_00/libraries/flash_api/f28004x/include/FlashAPI" --define=DEBUG --define=_FLASH --define=CPU1 --diag_suppress=10063 --diag_warning=225 --diag_wrap=off --display_error_number --abi=eabi --preproc_with_compile --preproc_dependency="device/driverlib/dcc.d_raw" --include_path="D:/DSP/_DspProject/F280049_sci_kernel/CPU1_FLASH/syscfg" --obj_directory="device/driverlib"  "../device/driverlib/dcc.c"
"../device/driverlib/dcc.c", line 112 (col. 61): advice #2615-D: (Performance) Use --fp_mode=relaxed to enable TMU hardware support for FP division.
Finished building: "../device/driverlib/dcc.c"
 
Building file: "../device/driverlib/eqep.c"
Invoking: C2000 Compiler
"C:/ti/ccs1000/ccs/tools/compiler/ti-cgt-c2000_20.2.0.LTS/bin/cl2000" -v28 -ml -mt --cla_support=cla2 --float_support=fpu32 --tmu_support=tmu0 --vcu_support=vcu0 -Ooff --include_path="D:/DSP/_DspProject/F280049_sci_kernel" --include_path="D:/DSP/_DspProject/F280049_sci_kernel/device" --include_path="C:/ti/c2000/C2000Ware_3_04_00_00/driverlib/f28004x/driverlib" --include_path="C:/ti/ccs1000/ccs/tools/compiler/ti-cgt-c2000_20.2.0.LTS/include" --include_path="C:/ti/c2000/C2000Ware_3_04_00_00/libraries/flash_api/f28004x/include/FlashAPI" --define=DEBUG --define=_FLASH --define=CPU1 --diag_suppress=10063 --diag_warning=225 --diag_wrap=off --display_error_number --abi=eabi --preproc_with_compile --preproc_dependency="device/driverlib/eqep.d_raw" --include_path="D:/DSP/_DspProject/F280049_sci_kernel/CPU1_FLASH/syscfg" --obj_directory="device/driverlib"  "../device/driverlib/eqep.c"
Finished building: "../device/driverlib/eqep.c"
 
Building file: "../device/driverlib/epwm.c"
Invoking: C2000 Compiler
"C:/ti/ccs1000/ccs/tools/compiler/ti-cgt-c2000_20.2.0.LTS/bin/cl2000" -v28 -ml -mt --cla_support=cla2 --float_support=fpu32 --tmu_support=tmu0 --vcu_support=vcu0 -Ooff --include_path="D:/DSP/_DspProject/F280049_sci_kernel" --include_path="D:/DSP/_DspProject/F280049_sci_kernel/device" --include_path="C:/ti/c2000/C2000Ware_3_04_00_00/driverlib/f28004x/driverlib" --include_path="C:/ti/ccs1000/ccs/tools/compiler/ti-cgt-c2000_20.2.0.LTS/include" --include_path="C:/ti/c2000/C2000Ware_3_04_00_00/libraries/flash_api/f28004x/include/FlashAPI" --define=DEBUG --define=_FLASH --define=CPU1 --diag_suppress=10063 --diag_warning=225 --diag_wrap=off --display_error_number --abi=eabi --preproc_with_compile --preproc_dependency="device/driverlib/epwm.d_raw" --include_path="D:/DSP/_DspProject/F280049_sci_kernel/CPU1_FLASH/syscfg" --obj_directory="device/driverlib"  "../device/driverlib/epwm.c"
"../device/driverlib/epwm.c", line 95 (col. 54): advice #2615-D: (Performance) Use --fp_mode=relaxed to enable TMU hardware support for FP division.
Finished building: "../device/driverlib/epwm.c"
 
Building file: "../device/driverlib/flash.c"
Invoking: C2000 Compiler
"C:/ti/ccs1000/ccs/tools/compiler/ti-cgt-c2000_20.2.0.LTS/bin/cl2000" -v28 -ml -mt --cla_support=cla2 --float_support=fpu32 --tmu_support=tmu0 --vcu_support=vcu0 -Ooff --include_path="D:/DSP/_DspProject/F280049_sci_kernel" --include_path="D:/DSP/_DspProject/F280049_sci_kernel/device" --include_path="C:/ti/c2000/C2000Ware_3_04_00_00/driverlib/f28004x/driverlib" --include_path="C:/ti/ccs1000/ccs/tools/compiler/ti-cgt-c2000_20.2.0.LTS/include" --include_path="C:/ti/c2000/C2000Ware_3_04_00_00/libraries/flash_api/f28004x/include/FlashAPI" --define=DEBUG --define=_FLASH --define=CPU1 --diag_suppress=10063 --diag_warning=225 --diag_wrap=off --display_error_number --abi=eabi --preproc_with_compile --preproc_dependency="device/driverlib/flash.d_raw" --include_path="D:/DSP/_DspProject/F280049_sci_kernel/CPU1_FLASH/syscfg" --obj_directory="device/driverlib"  "../device/driverlib/flash.c"
Finished building: "../device/driverlib/flash.c"
 
Building file: "../device/driverlib/erad.c"
Invoking: C2000 Compiler
"C:/ti/ccs1000/ccs/tools/compiler/ti-cgt-c2000_20.2.0.LTS/bin/cl2000" -v28 -ml -mt --cla_support=cla2 --float_support=fpu32 --tmu_support=tmu0 --vcu_support=vcu0 -Ooff --include_path="D:/DSP/_DspProject/F280049_sci_kernel" --include_path="D:/DSP/_DspProject/F280049_sci_kernel/device" --include_path="C:/ti/c2000/C2000Ware_3_04_00_00/driverlib/f28004x/driverlib" --include_path="C:/ti/ccs1000/ccs/tools/compiler/ti-cgt-c2000_20.2.0.LTS/include" --include_path="C:/ti/c2000/C2000Ware_3_04_00_00/libraries/flash_api/f28004x/include/FlashAPI" --define=DEBUG --define=_FLASH --define=CPU1 --diag_suppress=10063 --diag_warning=225 --diag_wrap=off --display_error_number --abi=eabi --preproc_with_compile --preproc_dependency="device/driverlib/erad.d_raw" --include_path="D:/DSP/_DspProject/F280049_sci_kernel/CPU1_FLASH/syscfg" --obj_directory="device/driverlib"  "../device/driverlib/erad.c"
Finished building: "../device/driverlib/erad.c"
 
Building file: "../device/driverlib/fsi.c"
Invoking: C2000 Compiler
"C:/ti/ccs1000/ccs/tools/compiler/ti-cgt-c2000_20.2.0.LTS/bin/cl2000" -v28 -ml -mt --cla_support=cla2 --float_support=fpu32 --tmu_support=tmu0 --vcu_support=vcu0 -Ooff --include_path="D:/DSP/_DspProject/F280049_sci_kernel" --include_path="D:/DSP/_DspProject/F280049_sci_kernel/device" --include_path="C:/ti/c2000/C2000Ware_3_04_00_00/driverlib/f28004x/driverlib" --include_path="C:/ti/ccs1000/ccs/tools/compiler/ti-cgt-c2000_20.2.0.LTS/include" --include_path="C:/ti/c2000/C2000Ware_3_04_00_00/libraries/flash_api/f28004x/include/FlashAPI" --define=DEBUG --define=_FLASH --define=CPU1 --diag_suppress=10063 --diag_warning=225 --diag_wrap=off --display_error_number --abi=eabi --preproc_with_compile --preproc_dependency="device/driverlib/fsi.d_raw" --include_path="D:/DSP/_DspProject/F280049_sci_kernel/CPU1_FLASH/syscfg" --obj_directory="device/driverlib"  "../device/driverlib/fsi.c"
Finished building: "../device/driverlib/fsi.c"
 
Building file: "../device/driverlib/hrcap.c"
Invoking: C2000 Compiler
"C:/ti/ccs1000/ccs/tools/compiler/ti-cgt-c2000_20.2.0.LTS/bin/cl2000" -v28 -ml -mt --cla_support=cla2 --float_support=fpu32 --tmu_support=tmu0 --vcu_support=vcu0 -Ooff --include_path="D:/DSP/_DspProject/F280049_sci_kernel" --include_path="D:/DSP/_DspProject/F280049_sci_kernel/device" --include_path="C:/ti/c2000/C2000Ware_3_04_00_00/driverlib/f28004x/driverlib" --include_path="C:/ti/ccs1000/ccs/tools/compiler/ti-cgt-c2000_20.2.0.LTS/include" --include_path="C:/ti/c2000/C2000Ware_3_04_00_00/libraries/flash_api/f28004x/include/FlashAPI" --define=DEBUG --define=_FLASH --define=CPU1 --diag_suppress=10063 --diag_warning=225 --diag_wrap=off --display_error_number --abi=eabi --preproc_with_compile --preproc_dependency="device/driverlib/hrcap.d_raw" --include_path="D:/DSP/_DspProject/F280049_sci_kernel/CPU1_FLASH/syscfg" --obj_directory="device/driverlib"  "../device/driverlib/hrcap.c"
Finished building: "../device/driverlib/hrcap.c"
 
Building file: "../device/driverlib/hrpwm.c"
Invoking: C2000 Compiler
"C:/ti/ccs1000/ccs/tools/compiler/ti-cgt-c2000_20.2.0.LTS/bin/cl2000" -v28 -ml -mt --cla_support=cla2 --float_support=fpu32 --tmu_support=tmu0 --vcu_support=vcu0 -Ooff --include_path="D:/DSP/_DspProject/F280049_sci_kernel" --include_path="D:/DSP/_DspProject/F280049_sci_kernel/device" --include_path="C:/ti/c2000/C2000Ware_3_04_00_00/driverlib/f28004x/driverlib" --include_path="C:/ti/ccs1000/ccs/tools/compiler/ti-cgt-c2000_20.2.0.LTS/include" --include_path="C:/ti/c2000/C2000Ware_3_04_00_00/libraries/flash_api/f28004x/include/FlashAPI" --define=DEBUG --define=_FLASH --define=CPU1 --diag_suppress=10063 --diag_warning=225 --diag_wrap=off --display_error_number --abi=eabi --preproc_with_compile --preproc_dependency="device/driverlib/hrpwm.d_raw" --include_path="D:/DSP/_DspProject/F280049_sci_kernel/CPU1_FLASH/syscfg" --obj_directory="device/driverlib"  "../device/driverlib/hrpwm.c"
Finished building: "../device/driverlib/hrpwm.c"
 
Building file: "../device/driverlib/gpio.c"
Invoking: C2000 Compiler
"C:/ti/ccs1000/ccs/tools/compiler/ti-cgt-c2000_20.2.0.LTS/bin/cl2000" -v28 -ml -mt --cla_support=cla2 --float_support=fpu32 --tmu_support=tmu0 --vcu_support=vcu0 -Ooff --include_path="D:/DSP/_DspProject/F280049_sci_kernel" --include_path="D:/DSP/_DspProject/F280049_sci_kernel/device" --include_path="C:/ti/c2000/C2000Ware_3_04_00_00/driverlib/f28004x/driverlib" --include_path="C:/ti/ccs1000/ccs/tools/compiler/ti-cgt-c2000_20.2.0.LTS/include" --include_path="C:/ti/c2000/C2000Ware_3_04_00_00/libraries/flash_api/f28004x/include/FlashAPI" --define=DEBUG --define=_FLASH --define=CPU1 --diag_suppress=10063 --diag_warning=225 --diag_wrap=off --display_error_number --abi=eabi --preproc_with_compile --preproc_dependency="device/driverlib/gpio.d_raw" --include_path="D:/DSP/_DspProject/F280049_sci_kernel/CPU1_FLASH/syscfg" --obj_directory="device/driverlib"  "../device/driverlib/gpio.c"
Finished building: "../device/driverlib/gpio.c"
 
Building file: "../device/driverlib/i2c.c"
Invoking: C2000 Compiler
"C:/ti/ccs1000/ccs/tools/compiler/ti-cgt-c2000_20.2.0.LTS/bin/cl2000" -v28 -ml -mt --cla_support=cla2 --float_support=fpu32 --tmu_support=tmu0 --vcu_support=vcu0 -Ooff --include_path="D:/DSP/_DspProject/F280049_sci_kernel" --include_path="D:/DSP/_DspProject/F280049_sci_kernel/device" --include_path="C:/ti/c2000/C2000Ware_3_04_00_00/driverlib/f28004x/driverlib" --include_path="C:/ti/ccs1000/ccs/tools/compiler/ti-cgt-c2000_20.2.0.LTS/include" --include_path="C:/ti/c2000/C2000Ware_3_04_00_00/libraries/flash_api/f28004x/include/FlashAPI" --define=DEBUG --define=_FLASH --define=CPU1 --diag_suppress=10063 --diag_warning=225 --diag_wrap=off --display_error_number --abi=eabi --preproc_with_compile --preproc_dependency="device/driverlib/i2c.d_raw" --include_path="D:/DSP/_DspProject/F280049_sci_kernel/CPU1_FLASH/syscfg" --obj_directory="device/driverlib"  "../device/driverlib/i2c.c"
Finished building: "../device/driverlib/i2c.c"
 
Building file: "../device/driverlib/interrupt.c"
Invoking: C2000 Compiler
"C:/ti/ccs1000/ccs/tools/compiler/ti-cgt-c2000_20.2.0.LTS/bin/cl2000" -v28 -ml -mt --cla_support=cla2 --float_support=fpu32 --tmu_support=tmu0 --vcu_support=vcu0 -Ooff --include_path="D:/DSP/_DspProject/F280049_sci_kernel" --include_path="D:/DSP/_DspProject/F280049_sci_kernel/device" --include_path="C:/ti/c2000/C2000Ware_3_04_00_00/driverlib/f28004x/driverlib" --include_path="C:/ti/ccs1000/ccs/tools/compiler/ti-cgt-c2000_20.2.0.LTS/include" --include_path="C:/ti/c2000/C2000Ware_3_04_00_00/libraries/flash_api/f28004x/include/FlashAPI" --define=DEBUG --define=_FLASH --define=CPU1 --diag_suppress=10063 --diag_warning=225 --diag_wrap=off --display_error_number --abi=eabi --preproc_with_compile --preproc_dependency="device/driverlib/interrupt.d_raw" --include_path="D:/DSP/_DspProject/F280049_sci_kernel/CPU1_FLASH/syscfg" --obj_directory="device/driverlib"  "../device/driverlib/interrupt.c"
Finished building: "../device/driverlib/interrupt.c"
 
Building file: "../device/driverlib/pga.c"
Invoking: C2000 Compiler
"C:/ti/ccs1000/ccs/tools/compiler/ti-cgt-c2000_20.2.0.LTS/bin/cl2000" -v28 -ml -mt --cla_support=cla2 --float_support=fpu32 --tmu_support=tmu0 --vcu_support=vcu0 -Ooff --include_path="D:/DSP/_DspProject/F280049_sci_kernel" --include_path="D:/DSP/_DspProject/F280049_sci_kernel/device" --include_path="C:/ti/c2000/C2000Ware_3_04_00_00/driverlib/f28004x/driverlib" --include_path="C:/ti/ccs1000/ccs/tools/compiler/ti-cgt-c2000_20.2.0.LTS/include" --include_path="C:/ti/c2000/C2000Ware_3_04_00_00/libraries/flash_api/f28004x/include/FlashAPI" --define=DEBUG --define=_FLASH --define=CPU1 --diag_suppress=10063 --diag_warning=225 --diag_wrap=off --display_error_number --abi=eabi --preproc_with_compile --preproc_dependency="device/driverlib/pga.d_raw" --include_path="D:/DSP/_DspProject/F280049_sci_kernel/CPU1_FLASH/syscfg" --obj_directory="device/driverlib"  "../device/driverlib/pga.c"
Finished building: "../device/driverlib/pga.c"
 
Building file: "../device/driverlib/lin.c"
Invoking: C2000 Compiler
"C:/ti/ccs1000/ccs/tools/compiler/ti-cgt-c2000_20.2.0.LTS/bin/cl2000" -v28 -ml -mt --cla_support=cla2 --float_support=fpu32 --tmu_support=tmu0 --vcu_support=vcu0 -Ooff --include_path="D:/DSP/_DspProject/F280049_sci_kernel" --include_path="D:/DSP/_DspProject/F280049_sci_kernel/device" --include_path="C:/ti/c2000/C2000Ware_3_04_00_00/driverlib/f28004x/driverlib" --include_path="C:/ti/ccs1000/ccs/tools/compiler/ti-cgt-c2000_20.2.0.LTS/include" --include_path="C:/ti/c2000/C2000Ware_3_04_00_00/libraries/flash_api/f28004x/include/FlashAPI" --define=DEBUG --define=_FLASH --define=CPU1 --diag_suppress=10063 --diag_warning=225 --diag_wrap=off --display_error_number --abi=eabi --preproc_with_compile --preproc_dependency="device/driverlib/lin.d_raw" --include_path="D:/DSP/_DspProject/F280049_sci_kernel/CPU1_FLASH/syscfg" --obj_directory="device/driverlib"  "../device/driverlib/lin.c"
Finished building: "../device/driverlib/lin.c"
 
Building file: "../device/driverlib/memcfg.c"
Invoking: C2000 Compiler
"C:/ti/ccs1000/ccs/tools/compiler/ti-cgt-c2000_20.2.0.LTS/bin/cl2000" -v28 -ml -mt --cla_support=cla2 --float_support=fpu32 --tmu_support=tmu0 --vcu_support=vcu0 -Ooff --include_path="D:/DSP/_DspProject/F280049_sci_kernel" --include_path="D:/DSP/_DspProject/F280049_sci_kernel/device" --include_path="C:/ti/c2000/C2000Ware_3_04_00_00/driverlib/f28004x/driverlib" --include_path="C:/ti/ccs1000/ccs/tools/compiler/ti-cgt-c2000_20.2.0.LTS/include" --include_path="C:/ti/c2000/C2000Ware_3_04_00_00/libraries/flash_api/f28004x/include/FlashAPI" --define=DEBUG --define=_FLASH --define=CPU1 --diag_suppress=10063 --diag_warning=225 --diag_wrap=off --display_error_number --abi=eabi --preproc_with_compile --preproc_dependency="device/driverlib/memcfg.d_raw" --include_path="D:/DSP/_DspProject/F280049_sci_kernel/CPU1_FLASH/syscfg" --obj_directory="device/driverlib"  "../device/driverlib/memcfg.c"
Finished building: "../device/driverlib/memcfg.c"
 
Building file: "../device/driverlib/pmbus.c"
Invoking: C2000 Compiler
"C:/ti/ccs1000/ccs/tools/compiler/ti-cgt-c2000_20.2.0.LTS/bin/cl2000" -v28 -ml -mt --cla_support=cla2 --float_support=fpu32 --tmu_support=tmu0 --vcu_support=vcu0 -Ooff --include_path="D:/DSP/_DspProject/F280049_sci_kernel" --include_path="D:/DSP/_DspProject/F280049_sci_kernel/device" --include_path="C:/ti/c2000/C2000Ware_3_04_00_00/driverlib/f28004x/driverlib" --include_path="C:/ti/ccs1000/ccs/tools/compiler/ti-cgt-c2000_20.2.0.LTS/include" --include_path="C:/ti/c2000/C2000Ware_3_04_00_00/libraries/flash_api/f28004x/include/FlashAPI" --define=DEBUG --define=_FLASH --define=CPU1 --diag_suppress=10063 --diag_warning=225 --diag_wrap=off --display_error_number --abi=eabi --preproc_with_compile --preproc_dependency="device/driverlib/pmbus.d_raw" --include_path="D:/DSP/_DspProject/F280049_sci_kernel/CPU1_FLASH/syscfg" --obj_directory="device/driverlib"  "../device/driverlib/pmbus.c"
Finished building: "../device/driverlib/pmbus.c"
 
Building file: "../device/driverlib/sci.c"
Invoking: C2000 Compiler
"C:/ti/ccs1000/ccs/tools/compiler/ti-cgt-c2000_20.2.0.LTS/bin/cl2000" -v28 -ml -mt --cla_support=cla2 --float_support=fpu32 --tmu_support=tmu0 --vcu_support=vcu0 -Ooff --include_path="D:/DSP/_DspProject/F280049_sci_kernel" --include_path="D:/DSP/_DspProject/F280049_sci_kernel/device" --include_path="C:/ti/c2000/C2000Ware_3_04_00_00/driverlib/f28004x/driverlib" --include_path="C:/ti/ccs1000/ccs/tools/compiler/ti-cgt-c2000_20.2.0.LTS/include" --include_path="C:/ti/c2000/C2000Ware_3_04_00_00/libraries/flash_api/f28004x/include/FlashAPI" --define=DEBUG --define=_FLASH --define=CPU1 --diag_suppress=10063 --diag_warning=225 --diag_wrap=off --display_error_number --abi=eabi --preproc_with_compile --preproc_dependency="device/driverlib/sci.d_raw" --include_path="D:/DSP/_DspProject/F280049_sci_kernel/CPU1_FLASH/syscfg" --obj_directory="device/driverlib"  "../device/driverlib/sci.c"
"../device/driverlib/sci.c", line 395 (col. 40): advice #2615-D: (Performance) Use --fp_mode=relaxed to enable TMU hardware support for FP division.
Finished building: "../device/driverlib/sci.c"
 
Building file: "../device/driverlib/spi.c"
Invoking: C2000 Compiler
"C:/ti/ccs1000/ccs/tools/compiler/ti-cgt-c2000_20.2.0.LTS/bin/cl2000" -v28 -ml -mt --cla_support=cla2 --float_support=fpu32 --tmu_support=tmu0 --vcu_support=vcu0 -Ooff --include_path="D:/DSP/_DspProject/F280049_sci_kernel" --include_path="D:/DSP/_DspProject/F280049_sci_kernel/device" --include_path="C:/ti/c2000/C2000Ware_3_04_00_00/driverlib/f28004x/driverlib" --include_path="C:/ti/ccs1000/ccs/tools/compiler/ti-cgt-c2000_20.2.0.LTS/include" --include_path="C:/ti/c2000/C2000Ware_3_04_00_00/libraries/flash_api/f28004x/include/FlashAPI" --define=DEBUG --define=_FLASH --define=CPU1 --diag_suppress=10063 --diag_warning=225 --diag_wrap=off --display_error_number --abi=eabi --preproc_with_compile --preproc_dependency="device/driverlib/spi.d_raw" --include_path="D:/DSP/_DspProject/F280049_sci_kernel/CPU1_FLASH/syscfg" --obj_directory="device/driverlib"  "../device/driverlib/spi.c"
Finished building: "../device/driverlib/spi.c"
 
Building file: "../device/driverlib/sdfm.c"
Invoking: C2000 Compiler
"C:/ti/ccs1000/ccs/tools/compiler/ti-cgt-c2000_20.2.0.LTS/bin/cl2000" -v28 -ml -mt --cla_support=cla2 --float_support=fpu32 --tmu_support=tmu0 --vcu_support=vcu0 -Ooff --include_path="D:/DSP/_DspProject/F280049_sci_kernel" --include_path="D:/DSP/_DspProject/F280049_sci_kernel/device" --include_path="C:/ti/c2000/C2000Ware_3_04_00_00/driverlib/f28004x/driverlib" --include_path="C:/ti/ccs1000/ccs/tools/compiler/ti-cgt-c2000_20.2.0.LTS/include" --include_path="C:/ti/c2000/C2000Ware_3_04_00_00/libraries/flash_api/f28004x/include/FlashAPI" --define=DEBUG --define=_FLASH --define=CPU1 --diag_suppress=10063 --diag_warning=225 --diag_wrap=off --display_error_number --abi=eabi --preproc_with_compile --preproc_dependency="device/driverlib/sdfm.d_raw" --include_path="D:/DSP/_DspProject/F280049_sci_kernel/CPU1_FLASH/syscfg" --obj_directory="device/driverlib"  "../device/driverlib/sdfm.c"
Finished building: "../device/driverlib/sdfm.c"
 
Building file: "../device/driverlib/version.c"
Invoking: C2000 Compiler
"C:/ti/ccs1000/ccs/tools/compiler/ti-cgt-c2000_20.2.0.LTS/bin/cl2000" -v28 -ml -mt --cla_support=cla2 --float_support=fpu32 --tmu_support=tmu0 --vcu_support=vcu0 -Ooff --include_path="D:/DSP/_DspProject/F280049_sci_kernel" --include_path="D:/DSP/_DspProject/F280049_sci_kernel/device" --include_path="C:/ti/c2000/C2000Ware_3_04_00_00/driverlib/f28004x/driverlib" --include_path="C:/ti/ccs1000/ccs/tools/compiler/ti-cgt-c2000_20.2.0.LTS/include" --include_path="C:/ti/c2000/C2000Ware_3_04_00_00/libraries/flash_api/f28004x/include/FlashAPI" --define=DEBUG --define=_FLASH --define=CPU1 --diag_suppress=10063 --diag_warning=225 --diag_wrap=off --display_error_number --abi=eabi --preproc_with_compile --preproc_dependency="device/driverlib/version.d_raw" --include_path="D:/DSP/_DspProject/F280049_sci_kernel/CPU1_FLASH/syscfg" --obj_directory="device/driverlib"  "../device/driverlib/version.c"
Finished building: "../device/driverlib/version.c"
 
Building file: "../device/driverlib/xbar.c"
Invoking: C2000 Compiler
"C:/ti/ccs1000/ccs/tools/compiler/ti-cgt-c2000_20.2.0.LTS/bin/cl2000" -v28 -ml -mt --cla_support=cla2 --float_support=fpu32 --tmu_support=tmu0 --vcu_support=vcu0 -Ooff --include_path="D:/DSP/_DspProject/F280049_sci_kernel" --include_path="D:/DSP/_DspProject/F280049_sci_kernel/device" --include_path="C:/ti/c2000/C2000Ware_3_04_00_00/driverlib/f28004x/driverlib" --include_path="C:/ti/ccs1000/ccs/tools/compiler/ti-cgt-c2000_20.2.0.LTS/include" --include_path="C:/ti/c2000/C2000Ware_3_04_00_00/libraries/flash_api/f28004x/include/FlashAPI" --define=DEBUG --define=_FLASH --define=CPU1 --diag_suppress=10063 --diag_warning=225 --diag_wrap=off --display_error_number --abi=eabi --preproc_with_compile --preproc_dependency="device/driverlib/xbar.d_raw" --include_path="D:/DSP/_DspProject/F280049_sci_kernel/CPU1_FLASH/syscfg" --obj_directory="device/driverlib"  "../device/driverlib/xbar.c"
Finished building: "../device/driverlib/xbar.c"
 
Building file: "../device/driverlib/sysctl.c"
Invoking: C2000 Compiler
"C:/ti/ccs1000/ccs/tools/compiler/ti-cgt-c2000_20.2.0.LTS/bin/cl2000" -v28 -ml -mt --cla_support=cla2 --float_support=fpu32 --tmu_support=tmu0 --vcu_support=vcu0 -Ooff --include_path="D:/DSP/_DspProject/F280049_sci_kernel" --include_path="D:/DSP/_DspProject/F280049_sci_kernel/device" --include_path="C:/ti/c2000/C2000Ware_3_04_00_00/driverlib/f28004x/driverlib" --include_path="C:/ti/ccs1000/ccs/tools/compiler/ti-cgt-c2000_20.2.0.LTS/include" --include_path="C:/ti/c2000/C2000Ware_3_04_00_00/libraries/flash_api/f28004x/include/FlashAPI" --define=DEBUG --define=_FLASH --define=CPU1 --diag_suppress=10063 --diag_warning=225 --diag_wrap=off --display_error_number --abi=eabi --preproc_with_compile --preproc_dependency="device/driverlib/sysctl.d_raw" --include_path="D:/DSP/_DspProject/F280049_sci_kernel/CPU1_FLASH/syscfg" --obj_directory="device/driverlib"  "../device/driverlib/sysctl.c"
Finished building: "../device/driverlib/sysctl.c"
 
gmake: Target 'all' not remade because of errors.

**** Build Finished ****
