
**** Build of configuration Debug for project GPIO_Ex1 ****

"C:\\ti\\ccs1000\\ccs\\utils\\bin\\gmake" -k -j 6 all -O 
 
Building file: "../DSP2833x_CodeStartBranch.asm"
Invoking: C2000 Compiler
"C:/ti/ccs1000/ccs/tools/compiler/ti-cgt-c2000_20.2.0.LTS/bin/cl2000" -v28 -ml -mt --include_path="D:/DSP/_DspProject/GPIO_Ex1" --include_path="C:/ti/ccs1000/ccs/tools/compiler/ti-cgt-c2000_20.2.0.LTS/include" --include_path="C:/SyncWorks/TIDCS/DSP2833x_headers/include" --include_path="C:/SyncWorks/TIDCS/DSP2833x_common/include" -g --diag_warning=225 --diag_wrap=off --display_error_number --abi=coffabi --preproc_with_compile --preproc_dependency="DSP2833x_CodeStartBranch.d_raw"  "../DSP2833x_CodeStartBranch.asm"
Finished building: "../DSP2833x_CodeStartBranch.asm"
 
Building file: "../DSP2833x_ADC_cal.asm"
Invoking: C2000 Compiler
"C:/ti/ccs1000/ccs/tools/compiler/ti-cgt-c2000_20.2.0.LTS/bin/cl2000" -v28 -ml -mt --include_path="D:/DSP/_DspProject/GPIO_Ex1" --include_path="C:/ti/ccs1000/ccs/tools/compiler/ti-cgt-c2000_20.2.0.LTS/include" --include_path="C:/SyncWorks/TIDCS/DSP2833x_headers/include" --include_path="C:/SyncWorks/TIDCS/DSP2833x_common/include" -g --diag_warning=225 --diag_wrap=off --display_error_number --abi=coffabi --preproc_with_compile --preproc_dependency="DSP2833x_ADC_cal.d_raw"  "../DSP2833x_ADC_cal.asm"
Finished building: "../DSP2833x_ADC_cal.asm"
 
Building file: "../DSP2833x_usDelay.asm"
Invoking: C2000 Compiler
"C:/ti/ccs1000/ccs/tools/compiler/ti-cgt-c2000_20.2.0.LTS/bin/cl2000" -v28 -ml -mt --include_path="D:/DSP/_DspProject/GPIO_Ex1" --include_path="C:/ti/ccs1000/ccs/tools/compiler/ti-cgt-c2000_20.2.0.LTS/include" --include_path="C:/SyncWorks/TIDCS/DSP2833x_headers/include" --include_path="C:/SyncWorks/TIDCS/DSP2833x_common/include" -g --diag_warning=225 --diag_wrap=off --display_error_number --abi=coffabi --preproc_with_compile --preproc_dependency="DSP2833x_usDelay.d_raw"  "../DSP2833x_usDelay.asm"
Finished building: "../DSP2833x_usDelay.asm"
 
Building file: "../DSP2833x_SysCtrl.c"
Invoking: C2000 Compiler
"C:/ti/ccs1000/ccs/tools/compiler/ti-cgt-c2000_20.2.0.LTS/bin/cl2000" -v28 -ml -mt --include_path="D:/DSP/_DspProject/GPIO_Ex1" --include_path="C:/ti/ccs1000/ccs/tools/compiler/ti-cgt-c2000_20.2.0.LTS/include" --include_path="C:/SyncWorks/TIDCS/DSP2833x_headers/include" --include_path="C:/SyncWorks/TIDCS/DSP2833x_common/include" -g --diag_warning=225 --diag_wrap=off --display_error_number --abi=coffabi --preproc_with_compile --preproc_dependency="DSP2833x_SysCtrl.d_raw"  "../DSP2833x_SysCtrl.c"
Finished building: "../DSP2833x_SysCtrl.c"
 
Building file: "../main.c"
Invoking: C2000 Compiler
"C:/ti/ccs1000/ccs/tools/compiler/ti-cgt-c2000_20.2.0.LTS/bin/cl2000" -v28 -ml -mt --include_path="D:/DSP/_DspProject/GPIO_Ex1" --include_path="C:/ti/ccs1000/ccs/tools/compiler/ti-cgt-c2000_20.2.0.LTS/include" --include_path="C:/SyncWorks/TIDCS/DSP2833x_headers/include" --include_path="C:/SyncWorks/TIDCS/DSP2833x_common/include" -g --diag_warning=225 --diag_wrap=off --display_error_number --abi=coffabi --preproc_with_compile --preproc_dependency="main.d_raw"  "../main.c"
Finished building: "../main.c"
 
Building file: "../DSP2833x_GlobalVariableDefs.c"
Invoking: C2000 Compiler
"C:/ti/ccs1000/ccs/tools/compiler/ti-cgt-c2000_20.2.0.LTS/bin/cl2000" -v28 -ml -mt --include_path="D:/DSP/_DspProject/GPIO_Ex1" --include_path="C:/ti/ccs1000/ccs/tools/compiler/ti-cgt-c2000_20.2.0.LTS/include" --include_path="C:/SyncWorks/TIDCS/DSP2833x_headers/include" --include_path="C:/SyncWorks/TIDCS/DSP2833x_common/include" -g --diag_warning=225 --diag_wrap=off --display_error_number --abi=coffabi --preproc_with_compile --preproc_dependency="DSP2833x_GlobalVariableDefs.d_raw"  "../DSP2833x_GlobalVariableDefs.c"
Finished building: "../DSP2833x_GlobalVariableDefs.c"
 
Building target: "GPIO_Ex1.out"
Invoking: C2000 Linker
"C:/ti/ccs1000/ccs/tools/compiler/ti-cgt-c2000_20.2.0.LTS/bin/cl2000" -v28 -ml -mt -g --diag_warning=225 --diag_wrap=off --display_error_number --abi=coffabi -z -m"GPIO_Ex1.map" --stack_size=0x400 --warn_sections -i"C:/ti/ccs1000/ccs/tools/compiler/ti-cgt-c2000_20.2.0.LTS/lib" -i"C:/ti/ccs1000/ccs/tools/compiler/ti-cgt-c2000_20.2.0.LTS/include" --reread_libs --diag_wrap=off --display_error_number --xml_link_info="GPIO_Ex1_linkInfo.xml" --rom_model -o "GPIO_Ex1.out" "./DSP2833x_ADC_cal.obj" "./DSP2833x_CodeStartBranch.obj" "./DSP2833x_GlobalVariableDefs.obj" "./DSP2833x_SysCtrl.obj" "./DSP2833x_usDelay.obj" "./main.obj" "../28335_RAM_lnk.cmd" "../DSP2833x_Headers_nonBIOS.cmd"  -llibc.a 
<Linking>
Finished building target: "GPIO_Ex1.out"
 

**** Build Finished ****
